SF:lib/src/application/auth/bloc/auth_bloc.dart
DA:15,2
DA:16,2
DA:17,1
DA:18,1
DA:19,1
DA:21,1
DA:22,1
DA:24,1
DA:25,1
DA:31,1
DA:32,1
DA:34,2
DA:35,2
DA:36,2
DA:37,0
DA:38,0
DA:42,1
DA:44,1
DA:46,2
DA:47,1
DA:48,1
DA:49,1
DA:50,2
DA:51,0
DA:52,0
DA:56,1
DA:57,1
DA:59,2
DA:60,1
DA:61,0
DA:62,0
LF:31
LH:25
end_of_record
SF:lib/src/application/youtube/youtube_bloc.dart
DA:15,2
DA:16,2
DA:17,1
DA:18,1
DA:19,1
DA:25,1
DA:27,1
DA:29,2
DA:31,2
DA:32,0
DA:33,0
LF:11
LH:9
end_of_record
SF:lib/src/services/implementations/youtube_service.dart
DA:8,1
DA:9,0
DA:16,1
DA:19,1
DA:23,1
DA:27,1
DA:31,1
DA:32,2
DA:34,2
DA:35,2
DA:36,1
DA:38,1
LF:12
LH:11
end_of_record
SF:lib/src/services/implementations/authentication_service.dart
DA:12,1
DA:14,1
DA:17,2
DA:26,1
DA:27,1
DA:28,1
DA:29,1
DA:31,0
DA:32,0
DA:36,1
DA:40,2
DA:43,1
DA:44,2
DA:45,2
DA:46,2
DA:48,0
DA:49,0
DA:53,1
DA:56,2
DA:57,0
DA:58,0
DA:62,1
DA:65,2
DA:74,1
DA:75,1
DA:76,0
DA:80,1
DA:86,2
DA:91,1
DA:92,2
DA:93,1
DA:95,2
DA:98,2
DA:107,1
DA:108,2
DA:109,2
DA:110,2
DA:113,1
DA:116,1
DA:117,1
DA:121,1
DA:123,6
DA:124,1
DA:125,1
DA:128,0
DA:130,0
LF:46
LH:37
end_of_record
SF:lib/src/application/auth/bloc/auth_state.dart
LF:0
LH:0
end_of_record
SF:lib/src/application/auth/bloc/auth_event.dart
LF:0
LH:0
end_of_record
